{"C:\\Users\\usuario\\dev\\react-ninja-modulo2\\jest-in-practice\\sum.js": {"path":"C:\\Users\\usuario\\dev\\react-ninja-modulo2\\jest-in-practice\\sum.js","statementMap":{"0":{"start":{"line":1,"column":0},"end":{"line":1,"column":25}}},"fnMap":{"0":{"name":"(anonymous_0)","decl":{"start":{"line":1,"column":17},"end":{"line":1,"column":18}},"loc":{"start":{"line":1,"column":23},"end":{"line":1,"column":25}},"line":1}},"branchMap":{},"s":{"0":1},"f":{"0":0},"b":{},"_coverageSchema":"332fd63041d2c1bcb487cc26dd0d5f7d97098a6c","hash":"3d0f7c2fa798e413fa083c535bbf67fcb3923d82"}
}
