{"/home/rafael/dev/react-ninja-modulo2/jest-in-practice/src/every/every-recursive.js": {"path":"/home/rafael/dev/react-ninja-modulo2/jest-in-practice/src/every/every-recursive.js","statementMap":{"0":{"start":{"line":3,"column":14},"end":{"line":13,"column":1}},"1":{"start":{"line":4,"column":4},"end":{"line":12,"column":14}},"2":{"start":{"line":5,"column":32},"end":{"line":5,"column":45}},"3":{"start":{"line":7,"column":8},"end":{"line":11,"column":50}}},"fnMap":{"0":{"name":"(anonymous_0)","decl":{"start":{"line":3,"column":14},"end":{"line":3,"column":15}},"loc":{"start":{"line":3,"column":29},"end":{"line":13,"column":1}},"line":3},"1":{"name":"everyInternal","decl":{"start":{"line":4,"column":20},"end":{"line":4,"column":33}},"loc":{"start":{"line":4,"column":57},"end":{"line":12,"column":5}},"line":4}},"branchMap":{"0":{"loc":{"start":{"line":7,"column":15},"end":{"line":11,"column":50}},"type":"cond-expr","locations":[{"start":{"line":8,"column":14},"end":{"line":8,"column":18}},{"start":{"line":9,"column":14},"end":{"line":11,"column":50}}],"line":7},"1":{"loc":{"start":{"line":9,"column":14},"end":{"line":11,"column":50}},"type":"cond-expr","locations":[{"start":{"line":10,"column":18},"end":{"line":10,"column":23}},{"start":{"line":11,"column":18},"end":{"line":11,"column":50}}],"line":9}},"s":{"0":1,"1":5,"2":14,"3":14},"f":{"0":5,"1":14},"b":{"0":[4,10],"1":[1,9]},"_coverageSchema":"332fd63041d2c1bcb487cc26dd0d5f7d97098a6c","hash":"e7418ba84f611536507b191dea0ad0cd719471ae"}
,"/home/rafael/dev/react-ninja-modulo2/jest-in-practice/src/every/every.js": {"path":"/home/rafael/dev/react-ninja-modulo2/jest-in-practice/src/every/every.js","statementMap":{"0":{"start":{"line":3,"column":14},"end":{"line":10,"column":1}},"1":{"start":{"line":4,"column":4},"end":{"line":8,"column":5}},"2":{"start":{"line":5,"column":8},"end":{"line":7,"column":9}},"3":{"start":{"line":6,"column":12},"end":{"line":6,"column":24}},"4":{"start":{"line":9,"column":4},"end":{"line":9,"column":15}}},"fnMap":{"0":{"name":"(anonymous_0)","decl":{"start":{"line":3,"column":14},"end":{"line":3,"column":15}},"loc":{"start":{"line":3,"column":29},"end":{"line":10,"column":1}},"line":3}},"branchMap":{"0":{"loc":{"start":{"line":5,"column":8},"end":{"line":7,"column":9}},"type":"if","locations":[{"start":{"line":5,"column":8},"end":{"line":7,"column":9}},{"start":{"line":5,"column":8},"end":{"line":7,"column":9}}],"line":5}},"s":{"0":1,"1":5,"2":10,"3":1,"4":4},"f":{"0":5},"b":{"0":[1,9]},"_coverageSchema":"332fd63041d2c1bcb487cc26dd0d5f7d97098a6c","hash":"538a3bfa11392a1ac00668883f56755008c76e65"}
}
