TN:
SF:/home/rafael/dev/react-ninja-modulo2/jest-in-practice/src/every/every-recursive.js
FN:3,(anonymous_0)
FN:4,everyInternal
FNF:2
FNH:2
FNDA:5,(anonymous_0)
FNDA:14,everyInternal
DA:3,1
DA:4,5
DA:5,14
DA:7,14
LF:4
LH:4
BRDA:7,0,0,4
BRDA:7,0,1,10
BRDA:9,1,0,1
BRDA:9,1,1,9
BRF:4
BRH:4
end_of_record
TN:
SF:/home/rafael/dev/react-ninja-modulo2/jest-in-practice/src/some/some.js
FN:3,(anonymous_0)
FNF:1
FNH:1
FNDA:5,(anonymous_0)
DA:3,1
DA:4,5
DA:5,6
DA:6,3
DA:9,2
LF:5
LH:5
BRDA:5,0,0,3
BRDA:5,0,1,3
BRF:2
BRH:2
end_of_record
